[2024-05-06 12:03:21,581: DEBUG/MainProcess] | Worker: Preparing bootsteps.
[2024-05-06 12:03:21,585: DEBUG/MainProcess] | Worker: Building graph...
[2024-05-06 12:03:21,585: DEBUG/MainProcess] | Worker: New boot order: {StateDB, Beat, Timer, Hub, Pool, Autoscaler, Consumer}
[2024-05-06 12:03:21,595: DEBUG/MainProcess] | Consumer: Preparing bootsteps.
[2024-05-06 12:03:21,597: DEBUG/MainProcess] | Consumer: Building graph...
[2024-05-06 12:03:21,619: DEBUG/MainProcess] | Consumer: New boot order: {Connection, Events, Mingle, Gossip, Agent, Heart, Tasks, Control, event loop}
[2024-05-06 12:03:21,653: DEBUG/MainProcess] | Worker: Starting Pool
[2024-05-06 12:03:21,653: DEBUG/MainProcess] ^-- substep ok
[2024-05-06 12:03:21,653: DEBUG/MainProcess] | Worker: Starting Consumer
[2024-05-06 12:03:21,653: DEBUG/MainProcess] | Consumer: Starting Connection
[2024-05-06 12:03:21,653: WARNING/MainProcess] C:\Users\Conal\AppData\Local\Programs\Python\Python311\Lib\site-packages\celery\worker\consumer\consumer.py:508: CPendingDeprecationWarning: The broker_connection_retry configuration setting will no longer determine
whether broker connection retries are made during startup in Celery 6.0 and above.
If you wish to retain the existing behavior for retrying connections on startup,
you should set broker_connection_retry_on_startup to True.
  warnings.warn(

[2024-05-06 12:03:21,698: INFO/MainProcess] Connected to redis://localhost:6379/0
[2024-05-06 12:03:21,698: DEBUG/MainProcess] ^-- substep ok
[2024-05-06 12:03:21,698: DEBUG/MainProcess] | Consumer: Starting Events
[2024-05-06 12:03:21,698: WARNING/MainProcess] C:\Users\Conal\AppData\Local\Programs\Python\Python311\Lib\site-packages\celery\worker\consumer\consumer.py:508: CPendingDeprecationWarning: The broker_connection_retry configuration setting will no longer determine
whether broker connection retries are made during startup in Celery 6.0 and above.
If you wish to retain the existing behavior for retrying connections on startup,
you should set broker_connection_retry_on_startup to True.
  warnings.warn(

[2024-05-06 12:03:21,734: DEBUG/MainProcess] ^-- substep ok
[2024-05-06 12:03:21,734: DEBUG/MainProcess] | Consumer: Starting Mingle
[2024-05-06 12:03:21,734: INFO/MainProcess] mingle: searching for neighbors
[2024-05-06 12:03:22,834: INFO/MainProcess] mingle: all alone
[2024-05-06 12:03:22,834: DEBUG/MainProcess] ^-- substep ok
[2024-05-06 12:03:22,834: DEBUG/MainProcess] | Consumer: Starting Gossip
[2024-05-06 12:03:22,880: DEBUG/MainProcess] ^-- substep ok
[2024-05-06 12:03:22,881: DEBUG/MainProcess] | Consumer: Starting Heart
[2024-05-06 12:03:22,904: DEBUG/MainProcess] ^-- substep ok
[2024-05-06 12:03:22,904: DEBUG/MainProcess] | Consumer: Starting Tasks
[2024-05-06 12:03:22,906: DEBUG/MainProcess] ^-- substep ok
[2024-05-06 12:03:22,906: DEBUG/MainProcess] | Consumer: Starting Control
[2024-05-06 12:03:22,906: DEBUG/MainProcess] ^-- substep ok
[2024-05-06 12:03:22,906: DEBUG/MainProcess] | Consumer: Starting event loop
[2024-05-06 12:03:22,909: INFO/MainProcess] celery@LAPTOP-BRS4Q20P ready.
[2024-05-06 12:03:22,909: DEBUG/MainProcess] basic.qos: prefetch_count->32
[2024-05-06 12:03:22,909: WARNING/MainProcess] C:\Users\Conal\AppData\Local\Programs\Python\Python311\Lib\site-packages\celery\worker\consumer\consumer.py:508: CPendingDeprecationWarning: The broker_connection_retry configuration setting will no longer determine
whether broker connection retries are made during startup in Celery 6.0 and above.
If you wish to retain the existing behavior for retrying connections on startup,
you should set broker_connection_retry_on_startup to True.
  warnings.warn(

[2024-05-06 12:03:22,936: INFO/MainProcess] pidbox: Connected to redis://localhost:6379/0.
[2024-05-06 12:03:44,259: DEBUG/MainProcess] pidbox received method heartbeat() [reply_to:None ticket:None]
[2024-05-06 12:03:44,259: DEBUG/MainProcess] Heartbeat requested by remote.
[2024-05-06 12:03:44,263: DEBUG/MainProcess] pidbox received method stats() [reply_to:{'exchange': 'reply.celery.pidbox', 'routing_key': 'b6941206-cda9-38b5-8b71-b6bfcebc4db1'} ticket:3d2cfc7b-c3ff-4ee6-a6d0-315ff7cd321b]
[2024-05-06 12:03:44,267: DEBUG/MainProcess] pidbox received method active_queues() [reply_to:{'exchange': 'reply.celery.pidbox', 'routing_key': 'c7b647e2-b01d-3a3a-b3d6-f8dcd5ad405e'} ticket:506b9655-54c4-4613-9b46-d4dd0a34a0ad]
[2024-05-06 12:03:44,268: DEBUG/MainProcess] pidbox received method registered(taskinfoitems=[]) [reply_to:{'exchange': 'reply.celery.pidbox', 'routing_key': '12448ab9-da34-3adc-837d-5fa710a69bc4'} ticket:69305ab6-8b4e-4cea-9e9b-e67d304be4e9]
[2024-05-06 12:03:44,271: DEBUG/MainProcess] pidbox received method active(safe=True) [reply_to:{'exchange': 'reply.celery.pidbox', 'routing_key': '53c1411c-519a-33e6-a533-78406a8f49b1'} ticket:4e29a33d-8a9f-4778-9895-f6d9faa9cb72]
[2024-05-06 12:03:44,272: DEBUG/MainProcess] pidbox received method scheduled() [reply_to:{'exchange': 'reply.celery.pidbox', 'routing_key': '6c953f6b-7797-378d-ac09-aba9e4f87573'} ticket:083d7a45-df61-4f10-a938-7ce1e7be8520]
[2024-05-06 12:03:44,274: DEBUG/MainProcess] pidbox received method revoked() [reply_to:{'exchange': 'reply.celery.pidbox', 'routing_key': '42510ebc-7eeb-3ca1-b6a1-977a2105132c'} ticket:be53d9e5-74cc-460b-9ce0-085ccb514de7]
[2024-05-06 12:03:44,275: DEBUG/MainProcess] pidbox received method reserved() [reply_to:{'exchange': 'reply.celery.pidbox', 'routing_key': 'd369cccb-ef65-3bc8-81a1-fd75ea174452'} ticket:b9f42cd6-7506-457e-a553-4f7e89253186]
[2024-05-06 12:03:44,277: DEBUG/MainProcess] pidbox received method conf(with_defaults=False) [reply_to:{'exchange': 'reply.celery.pidbox', 'routing_key': 'f9f043b7-899e-33b9-88c9-54eff282b03c'} ticket:0fbcdb0f-3b6c-4da7-bd30-5e3cec35833b]
[2024-05-06 12:03:49,097: DEBUG/MainProcess] pidbox received method enable_events() [reply_to:None ticket:None]
[2024-05-06 12:03:54,093: DEBUG/MainProcess] pidbox received method enable_events() [reply_to:None ticket:None]
[2024-05-06 12:03:59,103: DEBUG/MainProcess] pidbox received method enable_events() [reply_to:None ticket:None]
[2024-05-06 12:04:04,098: DEBUG/MainProcess] pidbox received method enable_events() [reply_to:None ticket:None]
[2024-05-06 12:04:09,089: DEBUG/MainProcess] pidbox received method enable_events() [reply_to:None ticket:None]
[2024-05-06 12:04:11,078: ERROR/MainProcess] Received unregistered task of type 'app.module_user.tasks.process_file_async'.
The message has been ignored and discarded.

Did you remember to import the module containing this task?
Or maybe you're using relative imports?

Please see
https://docs.celeryq.dev/en/latest/internals/protocol.html
for more information.

The full contents of the message body was:
b'[["uploads\\\\fifty_columns.txt"], {}, {"callbacks": null, "errbacks": null, "chain": null, "chord": null}]' (105b)

The full contents of the message headers:
{'lang': 'py', 'task': 'app.module_user.tasks.process_file_async', 'id': 'cd409293-6e73-4094-8133-7b5db545a896', 'shadow': None, 'eta': None, 'expires': None, 'group': None, 'group_index': None, 'retries': 0, 'timelimit': [None, None], 'root_id': 'cd409293-6e73-4094-8133-7b5db545a896', 'parent_id': None, 'argsrepr': "('uploads\\fifty_columns.txt',)", 'kwargsrepr': '{}', 'origin': 'gen23332@LAPTOP-BRS4Q20P', 'ignore_result': False, 'replaced_task_nesting': 0, 'stamped_headers': None, 'stamps': {}}

The delivery info for this task is:
{'exchange': '', 'routing_key': 'celery'}
Traceback (most recent call last):
  File "C:\Users\Conal\AppData\Local\Programs\Python\Python311\Lib\site-packages\celery\worker\consumer\consumer.py", line 659, in on_task_received
    strategy = strategies[type_]
               ~~~~~~~~~~^^^^^^^
KeyError: 'app.module_user.tasks.process_file_async'
[2024-05-06 12:04:14,113: DEBUG/MainProcess] pidbox received method enable_events() [reply_to:None ticket:None]
[2024-05-06 12:04:19,099: DEBUG/MainProcess] pidbox received method enable_events() [reply_to:None ticket:None]
[2024-05-06 12:04:24,106: DEBUG/MainProcess] pidbox received method enable_events() [reply_to:None ticket:None]
[2024-05-06 12:04:29,095: DEBUG/MainProcess] pidbox received method enable_events() [reply_to:None ticket:None]
[2024-05-06 12:04:34,097: DEBUG/MainProcess] pidbox received method enable_events() [reply_to:None ticket:None]
[2024-05-06 12:04:39,100: DEBUG/MainProcess] pidbox received method enable_events() [reply_to:None ticket:None]
[2024-05-06 12:04:44,092: DEBUG/MainProcess] pidbox received method enable_events() [reply_to:None ticket:None]
[2024-05-06 12:04:49,092: DEBUG/MainProcess] pidbox received method enable_events() [reply_to:None ticket:None]
[2024-05-06 12:04:54,093: DEBUG/MainProcess] pidbox received method enable_events() [reply_to:None ticket:None]
[2024-05-06 12:04:59,094: DEBUG/MainProcess] pidbox received method enable_events() [reply_to:None ticket:None]
[2024-05-06 12:05:04,107: DEBUG/MainProcess] pidbox received method enable_events() [reply_to:None ticket:None]
[2024-05-06 12:05:09,094: DEBUG/MainProcess] pidbox received method enable_events() [reply_to:None ticket:None]
[2024-05-06 12:05:14,098: DEBUG/MainProcess] pidbox received method enable_events() [reply_to:None ticket:None]
[2024-05-06 12:05:19,100: DEBUG/MainProcess] pidbox received method enable_events() [reply_to:None ticket:None]
[2024-05-06 12:05:24,117: DEBUG/MainProcess] pidbox received method enable_events() [reply_to:None ticket:None]
[2024-05-06 12:05:29,108: DEBUG/MainProcess] pidbox received method enable_events() [reply_to:None ticket:None]
[2024-05-06 12:05:34,105: DEBUG/MainProcess] pidbox received method enable_events() [reply_to:None ticket:None]
[2024-05-06 12:05:39,095: DEBUG/MainProcess] pidbox received method enable_events() [reply_to:None ticket:None]
[2024-05-06 12:05:44,099: DEBUG/MainProcess] pidbox received method enable_events() [reply_to:None ticket:None]
[2024-05-06 12:05:49,120: DEBUG/MainProcess] pidbox received method enable_events() [reply_to:None ticket:None]
[2024-05-06 12:05:54,107: DEBUG/MainProcess] pidbox received method enable_events() [reply_to:None ticket:None]
[2024-05-06 12:05:59,106: DEBUG/MainProcess] pidbox received method enable_events() [reply_to:None ticket:None]
[2024-05-06 12:06:04,097: DEBUG/MainProcess] pidbox received method enable_events() [reply_to:None ticket:None]
[2024-05-06 12:06:09,099: DEBUG/MainProcess] pidbox received method enable_events() [reply_to:None ticket:None]
[2024-05-06 12:06:14,094: DEBUG/MainProcess] pidbox received method enable_events() [reply_to:None ticket:None]
[2024-05-06 12:06:19,092: DEBUG/MainProcess] pidbox received method enable_events() [reply_to:None ticket:None]
[2024-05-06 12:06:24,103: DEBUG/MainProcess] pidbox received method enable_events() [reply_to:None ticket:None]
[2024-05-06 12:06:29,091: DEBUG/MainProcess] pidbox received method enable_events() [reply_to:None ticket:None]
[2024-05-06 12:06:34,097: DEBUG/MainProcess] pidbox received method enable_events() [reply_to:None ticket:None]
[2024-05-06 12:06:39,100: DEBUG/MainProcess] pidbox received method enable_events() [reply_to:None ticket:None]
[2024-05-06 12:06:44,096: DEBUG/MainProcess] pidbox received method enable_events() [reply_to:None ticket:None]
[2024-05-06 12:06:49,101: DEBUG/MainProcess] pidbox received method enable_events() [reply_to:None ticket:None]
[2024-05-06 12:06:54,119: DEBUG/MainProcess] pidbox received method enable_events() [reply_to:None ticket:None]
[2024-05-06 12:06:59,091: DEBUG/MainProcess] pidbox received method enable_events() [reply_to:None ticket:None]
[2024-05-06 12:07:04,094: DEBUG/MainProcess] pidbox received method enable_events() [reply_to:None ticket:None]
[2024-05-06 12:07:09,099: DEBUG/MainProcess] pidbox received method enable_events() [reply_to:None ticket:None]
[2024-05-06 12:07:14,100: DEBUG/MainProcess] pidbox received method enable_events() [reply_to:None ticket:None]
[2024-05-06 12:07:19,091: DEBUG/MainProcess] pidbox received method enable_events() [reply_to:None ticket:None]
[2024-05-06 12:07:24,099: DEBUG/MainProcess] pidbox received method enable_events() [reply_to:None ticket:None]
[2024-05-06 12:07:29,098: DEBUG/MainProcess] pidbox received method enable_events() [reply_to:None ticket:None]
[2024-05-06 12:07:34,102: DEBUG/MainProcess] pidbox received method enable_events() [reply_to:None ticket:None]
[2024-05-06 12:07:39,092: DEBUG/MainProcess] pidbox received method enable_events() [reply_to:None ticket:None]
[2024-05-06 12:07:44,087: DEBUG/MainProcess] pidbox received method enable_events() [reply_to:None ticket:None]
[2024-05-06 12:07:49,097: DEBUG/MainProcess] pidbox received method enable_events() [reply_to:None ticket:None]
[2024-05-06 12:07:54,093: DEBUG/MainProcess] pidbox received method enable_events() [reply_to:None ticket:None]
[2024-05-06 12:07:59,092: DEBUG/MainProcess] pidbox received method enable_events() [reply_to:None ticket:None]
[2024-05-06 12:08:04,104: DEBUG/MainProcess] pidbox received method enable_events() [reply_to:None ticket:None]
[2024-05-06 12:08:09,110: DEBUG/MainProcess] pidbox received method enable_events() [reply_to:None ticket:None]
[2024-05-06 12:08:14,090: DEBUG/MainProcess] pidbox received method enable_events() [reply_to:None ticket:None]
[2024-05-06 12:08:19,113: DEBUG/MainProcess] pidbox received method enable_events() [reply_to:None ticket:None]
[2024-05-06 12:08:24,095: DEBUG/MainProcess] pidbox received method enable_events() [reply_to:None ticket:None]
[2024-05-06 12:08:29,112: DEBUG/MainProcess] pidbox received method enable_events() [reply_to:None ticket:None]
[2024-05-06 12:08:34,094: DEBUG/MainProcess] pidbox received method enable_events() [reply_to:None ticket:None]
[2024-05-06 12:08:39,089: DEBUG/MainProcess] pidbox received method enable_events() [reply_to:None ticket:None]
[2024-05-06 12:08:44,094: DEBUG/MainProcess] pidbox received method enable_events() [reply_to:None ticket:None]
[2024-05-06 12:08:49,111: DEBUG/MainProcess] pidbox received method enable_events() [reply_to:None ticket:None]
[2024-05-06 12:08:54,086: DEBUG/MainProcess] pidbox received method enable_events() [reply_to:None ticket:None]
[2024-05-06 12:08:59,116: DEBUG/MainProcess] pidbox received method enable_events() [reply_to:None ticket:None]
[2024-05-06 12:09:04,107: DEBUG/MainProcess] pidbox received method enable_events() [reply_to:None ticket:None]
[2024-05-06 12:09:09,091: DEBUG/MainProcess] pidbox received method enable_events() [reply_to:None ticket:None]
[2024-05-06 12:09:14,112: DEBUG/MainProcess] pidbox received method enable_events() [reply_to:None ticket:None]
[2024-05-06 12:09:19,088: DEBUG/MainProcess] pidbox received method enable_events() [reply_to:None ticket:None]
[2024-05-06 12:09:24,085: DEBUG/MainProcess] pidbox received method enable_events() [reply_to:None ticket:None]
[2024-05-06 12:09:29,103: DEBUG/MainProcess] pidbox received method enable_events() [reply_to:None ticket:None]
[2024-05-06 12:09:34,104: DEBUG/MainProcess] pidbox received method enable_events() [reply_to:None ticket:None]
[2024-05-06 12:09:39,110: DEBUG/MainProcess] pidbox received method enable_events() [reply_to:None ticket:None]
[2024-05-06 12:09:44,100: DEBUG/MainProcess] pidbox received method enable_events() [reply_to:None ticket:None]
[2024-05-06 12:09:49,103: DEBUG/MainProcess] pidbox received method enable_events() [reply_to:None ticket:None]
[2024-05-06 12:09:54,117: DEBUG/MainProcess] pidbox received method enable_events() [reply_to:None ticket:None]
[2024-05-06 12:09:59,103: DEBUG/MainProcess] pidbox received method enable_events() [reply_to:None ticket:None]
[2024-05-06 12:10:04,114: DEBUG/MainProcess] pidbox received method enable_events() [reply_to:None ticket:None]
[2024-05-06 12:10:09,089: DEBUG/MainProcess] pidbox received method enable_events() [reply_to:None ticket:None]
[2024-05-06 12:10:14,599: DEBUG/MainProcess] pidbox received method enable_events() [reply_to:None ticket:None]
[2024-05-06 12:10:19,106: DEBUG/MainProcess] pidbox received method enable_events() [reply_to:None ticket:None]
[2024-05-06 12:10:24,425: DEBUG/MainProcess] pidbox received method enable_events() [reply_to:None ticket:None]
[2024-05-06 12:10:29,095: DEBUG/MainProcess] pidbox received method enable_events() [reply_to:None ticket:None]
[2024-05-06 12:10:34,098: DEBUG/MainProcess] pidbox received method enable_events() [reply_to:None ticket:None]
[2024-05-06 12:10:39,095: DEBUG/MainProcess] pidbox received method enable_events() [reply_to:None ticket:None]
[2024-05-06 12:10:44,101: DEBUG/MainProcess] pidbox received method enable_events() [reply_to:None ticket:None]
[2024-05-06 12:10:49,092: DEBUG/MainProcess] pidbox received method enable_events() [reply_to:None ticket:None]
[2024-05-06 12:10:54,100: DEBUG/MainProcess] pidbox received method enable_events() [reply_to:None ticket:None]
[2024-05-06 12:10:59,102: DEBUG/MainProcess] pidbox received method enable_events() [reply_to:None ticket:None]
[2024-05-06 12:11:04,106: DEBUG/MainProcess] pidbox received method enable_events() [reply_to:None ticket:None]
[2024-05-06 12:11:09,108: DEBUG/MainProcess] pidbox received method enable_events() [reply_to:None ticket:None]
[2024-05-06 12:11:14,089: DEBUG/MainProcess] pidbox received method enable_events() [reply_to:None ticket:None]
[2024-05-06 12:11:19,094: DEBUG/MainProcess] pidbox received method enable_events() [reply_to:None ticket:None]
[2024-05-06 12:11:24,103: DEBUG/MainProcess] pidbox received method enable_events() [reply_to:None ticket:None]
[2024-05-06 12:11:29,110: DEBUG/MainProcess] pidbox received method enable_events() [reply_to:None ticket:None]
[2024-05-06 12:11:34,101: DEBUG/MainProcess] pidbox received method enable_events() [reply_to:None ticket:None]
[2024-05-06 12:11:39,114: DEBUG/MainProcess] pidbox received method enable_events() [reply_to:None ticket:None]
[2024-05-06 12:11:44,085: DEBUG/MainProcess] pidbox received method enable_events() [reply_to:None ticket:None]
[2024-05-06 12:11:49,101: DEBUG/MainProcess] pidbox received method enable_events() [reply_to:None ticket:None]
[2024-05-06 12:11:54,109: DEBUG/MainProcess] pidbox received method enable_events() [reply_to:None ticket:None]
[2024-05-06 12:11:59,103: DEBUG/MainProcess] pidbox received method enable_events() [reply_to:None ticket:None]
[2024-05-06 12:12:04,102: DEBUG/MainProcess] pidbox received method enable_events() [reply_to:None ticket:None]
[2024-05-06 12:12:09,091: DEBUG/MainProcess] pidbox received method enable_events() [reply_to:None ticket:None]
[2024-05-06 12:12:14,102: DEBUG/MainProcess] pidbox received method enable_events() [reply_to:None ticket:None]
[2024-05-06 12:12:19,114: DEBUG/MainProcess] pidbox received method enable_events() [reply_to:None ticket:None]
[2024-05-06 12:12:24,082: DEBUG/MainProcess] pidbox received method enable_events() [reply_to:None ticket:None]
[2024-05-06 12:12:29,102: DEBUG/MainProcess] pidbox received method enable_events() [reply_to:None ticket:None]
[2024-05-06 12:12:34,112: DEBUG/MainProcess] pidbox received method enable_events() [reply_to:None ticket:None]
